<?xml version="1.0" encoding="UTF-8"?>
<testng-results skipped="0" failed="0" ignored="0" total="1" passed="1">
  <reporter-output>
  </reporter-output>
  <suite name="Default suite" duration-ms="1318" started-at="2021-03-22T07:08:31Z" finished-at="2021-03-22T07:08:33Z">
    <groups>
    </groups>
    <test name="Default test" duration-ms="1318" started-at="2021-03-22T07:08:31Z" finished-at="2021-03-22T07:08:33Z">
      <class name="rest_Api.Get_requestwith_Logger">
        <test-method status="PASS" signature="setup()[pri:0, instance:rest_Api.Get_requestwith_Logger@101df177]" name="setup" is-config="true" duration-ms="1287" started-at="2021-03-22T07:08:31Z" finished-at="2021-03-22T07:08:33Z">
          <reporter-output>
          </reporter-output>
        </test-method> <!-- setup -->
        <test-method status="PASS" signature="test1()[pri:0, instance:rest_Api.Get_requestwith_Logger@101df177]" name="test1" duration-ms="10" started-at="2021-03-22T07:08:33Z" finished-at="2021-03-22T07:08:33Z">
          <reporter-output>
          </reporter-output>
        </test-method> <!-- test1 -->
      </class> <!-- rest_Api.Get_requestwith_Logger -->
    </test> <!-- Default test -->
  </suite> <!-- Default suite -->
</testng-results>
